[debug] [2021-02-17T11:53:34.460Z] ----------------------------------------------------------------------
[debug] [2021-02-17T11:53:34.462Z] Command:       C:\Program Files\nodejs\node.exe C:\Users\nites\AppData\Roaming\npm\node_modules\firebase-tools\lib\bin\firebase.js emulators:start
[debug] [2021-02-17T11:53:34.462Z] CLI Version:   9.2.2
[debug] [2021-02-17T11:53:34.462Z] Platform:      win32
[debug] [2021-02-17T11:53:34.462Z] Node Version:  v12.18.2
[debug] [2021-02-17T11:53:34.463Z] Time:          Wed Feb 17 2021 17:23:34 GMT+0530 (India Standard Time)
[debug] [2021-02-17T11:53:34.463Z] ----------------------------------------------------------------------
[debug] [2021-02-17T11:53:34.463Z] 
[debug] [2021-02-17T11:53:34.469Z] > command requires scopes: ["email","openid","https://www.googleapis.com/auth/cloudplatformprojects.readonly","https://www.googleapis.com/auth/firebase","https://www.googleapis.com/auth/cloud-platform"]
[debug] [2021-02-17T11:53:34.469Z] > authorizing via signed-in user
[info] i  emulators: Starting emulators: functions, hosting {"metadata":{"emulator":{"name":"hub"},"message":"Starting emulators: functions, hosting"}}
[debug] [2021-02-17T11:53:36.486Z] [hub] writing locator at C:\Users\nites\AppData\Local\Temp\hub-clone-d2780.json
[warn] !  functions: The following emulators are not running, calls to these services from the Functions emulator will affect production: auth, firestore, database, pubsub {"metadata":{"emulator":{"name":"functions"},"message":"The following emulators are not running, calls to these services from the Functions emulator will affect production: \u001b[1mauth, firestore, database, pubsub\u001b[22m"}}
[info] +  functions: Using node@12 from host. {"metadata":{"emulator":{"name":"functions"},"message":"Using node@12 from host."}}
[debug] [2021-02-17T11:53:38.506Z] defaultcredentials: writing to file C:\Users\nites\AppData\Roaming\firebase\niteshsharma312000_gmail_com_application_default_credentials.json
[debug] [2021-02-17T11:53:38.508Z] Setting GAC to C:\Users\nites\AppData\Roaming\firebase\niteshsharma312000_gmail_com_application_default_credentials.json {"metadata":{"emulator":{"name":"functions"},"message":"Setting GAC to C:\\Users\\nites\\AppData\\Roaming\\firebase\\niteshsharma312000_gmail_com_application_default_credentials.json"}}
[debug] [2021-02-17T11:53:38.510Z] > refreshing access token with scopes: []
[debug] [2021-02-17T11:53:38.510Z] >>> HTTP REQUEST POST https://www.googleapis.com/oauth2/v3/token  
 <request body omitted>
[debug] [2021-02-17T11:53:39.665Z] <<< HTTP RESPONSE 200 {"expires":"Mon, 01 Jan 1990 00:00:00 GMT","date":"Wed, 17 Feb 2021 11:53:35 GMT","pragma":"no-cache","cache-control":"no-cache, no-store, max-age=0, must-revalidate","content-type":"application/json; charset=utf-8","vary":"X-Origin, Referer, Origin,Accept-Encoding","server":"scaffolding on HTTPServer2","x-xss-protection":"0","x-frame-options":"SAMEORIGIN","x-content-type-options":"nosniff","alt-svc":"h3-29=\":443\"; ma=2592000,h3-T051=\":443\"; ma=2592000,h3-Q050=\":443\"; ma=2592000,h3-Q046=\":443\"; ma=2592000,h3-Q043=\":443\"; ma=2592000,quic=\":443\"; ma=2592000; v=\"46,43\"","accept-ranges":"none","transfer-encoding":"chunked"}
[debug] [2021-02-17T11:53:39.668Z] >>> [apiv2][query] GET https://firebase.googleapis.com/v1beta1/projects/clone-d2780/adminSdkConfig [none]
[debug] [2021-02-17T11:53:40.910Z] <<< [apiv2][status] GET https://firebase.googleapis.com/v1beta1/projects/clone-d2780/adminSdkConfig 200
[debug] [2021-02-17T11:53:40.910Z] <<< [apiv2][body] GET https://firebase.googleapis.com/v1beta1/projects/clone-d2780/adminSdkConfig {"projectId":"clone-d2780","databaseURL":"https://clone-d2780-default-rtdb.firebaseio.com","storageBucket":"clone-d2780.appspot.com","locationId":"asia-south1"}
[debug] [2021-02-17T11:53:42.922Z] >>> [apiv2][query] GET https://firebase.googleapis.com/v1beta1/projects/clone-d2780/webApps/-/config [none]
[debug] [2021-02-17T11:53:44.781Z] <<< [apiv2][status] GET https://firebase.googleapis.com/v1beta1/projects/clone-d2780/webApps/-/config 200
[debug] [2021-02-17T11:53:44.781Z] <<< [apiv2][body] GET https://firebase.googleapis.com/v1beta1/projects/clone-d2780/webApps/-/config {"projectId":"clone-d2780","appId":"1:279840437863:web:c42cec106c96ab01f846c2","databaseURL":"https://clone-d2780-default-rtdb.firebaseio.com","storageBucket":"clone-d2780.appspot.com","locationId":"asia-south1","apiKey":"AIzaSyC32gm96mWEvHuDoYByDHwb0dd6CADMUfs","authDomain":"clone-d2780.firebaseapp.com","messagingSenderId":"279840437863","measurementId":"G-L1BN2G59XV"}
[info] i  hosting: Serving hosting files from: build {"metadata":{"emulator":{"name":"hosting"},"message":"Serving hosting files from: \u001b[1mbuild\u001b[22m"}}
[info] +  hosting: Local server: http://localhost:5000 {"metadata":{"emulator":{"name":"hosting"},"message":"Local server: \u001b[4m\u001b[1mhttp://localhost:5000\u001b[22m\u001b[24m"}}
[debug] [2021-02-17T11:53:45.596Z] [work-queue] {"queueLength":1,"workRunningCount":0}
[debug] [2021-02-17T11:53:45.596Z] [work-queue] {"queueLength":0,"workRunningCount":1}
[debug] [2021-02-17T11:53:45.598Z] [work-queue] {"queueLength":0,"workRunningCount":0}
[debug] [2021-02-17T11:53:48.806Z] Ignoring unsupported arg: auto_download {"metadata":{"emulator":{"name":"ui"},"message":"Ignoring unsupported arg: auto_download"}}
[debug] [2021-02-17T11:53:48.806Z] Ignoring unsupported arg: port {"metadata":{"emulator":{"name":"ui"},"message":"Ignoring unsupported arg: port"}}
[debug] [2021-02-17T11:53:48.806Z] Starting Emulator UI with command {"binary":"node","args":["C:\\Users\\nites\\.cache\\firebase\\emulators\\ui-v1.4.1\\server.bundle.js"],"optionalArgs":[],"joinArgs":false} {"metadata":{"emulator":{"name":"ui"},"message":"Starting Emulator UI with command {\"binary\":\"node\",\"args\":[\"C:\\\\Users\\\\nites\\\\.cache\\\\firebase\\\\emulators\\\\ui-v1.4.1\\\\server.bundle.js\"],\"optionalArgs\":[],\"joinArgs\":false}"}}
[info] i  ui: Emulator UI logging to ui-debug.log {"metadata":{"emulator":{"name":"ui"},"message":"Emulator UI logging to \u001b[1mui-debug.log\u001b[22m"}}
[debug] [2021-02-17T11:53:48.894Z] Web / API server started at http://localhost:4000
 {"metadata":{"emulator":{"name":"ui"},"message":"Web / API server started at http://localhost:4000\n"}}
[info] i  functions: Watching "D:\development\react-apps\amazon-clone\amazon-clone\functions" for Cloud Functions... {"metadata":{"emulator":{"name":"functions"},"message":"Watching \"D:\\development\\react-apps\\amazon-clone\\amazon-clone\\functions\" for Cloud Functions..."}}
[debug] [2021-02-17T11:53:49.320Z] [worker-pool] addWorker(~diagnostic~) {"metadata":{"emulator":{"name":"functions"},"message":"[worker-pool] addWorker(~diagnostic~)"}}
[debug] [2021-02-17T11:53:49.321Z] [worker-pool] Adding worker with key ~diagnostic~, total=1 {"metadata":{"emulator":{"name":"functions"},"message":"[worker-pool] Adding worker with key ~diagnostic~, total=1"}}
[debug] [2021-02-17T11:53:49.321Z] [worker-pool] submitWork(triggerId=) {"metadata":{"emulator":{"name":"functions"},"message":"[worker-pool] submitWork(triggerId=)"}}
[debug] [2021-02-17T11:53:49.321Z] [worker-~diagnostic~-c2053d9c-85f0-4da9-8d05-f1b45850152e]: Assigning socketPath: \\?\pipe\D:\development\react-apps\amazon-clone\amazon-clone\functions\3484 {"metadata":{"emulator":{"name":"functions"},"message":"[worker-~diagnostic~-c2053d9c-85f0-4da9-8d05-f1b45850152e]: Assigning socketPath: \\\\?\\pipe\\D:\\development\\react-apps\\amazon-clone\\amazon-clone\\functions\\3484"}}
[debug] [2021-02-17T11:53:49.321Z] [worker-~diagnostic~-c2053d9c-85f0-4da9-8d05-f1b45850152e]: BUSY {"metadata":{"emulator":{"name":"functions"},"message":"[worker-~diagnostic~-c2053d9c-85f0-4da9-8d05-f1b45850152e]: BUSY"}}
[debug] [2021-02-17T11:53:49.484Z] [runtime-status] [3484] Functions runtime initialized. {"cwd":"D:\\development\\react-apps\\amazon-clone\\amazon-clone\\functions","node_version":"12.18.2"} {"metadata":{"emulator":{"name":"functions"},"message":"[runtime-status] [3484] Functions runtime initialized. {\"cwd\":\"D:\\\\development\\\\react-apps\\\\amazon-clone\\\\amazon-clone\\\\functions\",\"node_version\":\"12.18.2\"}"}}
[debug] [2021-02-17T11:53:49.484Z] [runtime-status] [3484] Disabled runtime features: undefined {"metadata":{"emulator":{"name":"functions"},"message":"[runtime-status] [3484] Disabled runtime features: undefined"}}
[debug] [2021-02-17T11:53:49.486Z] [runtime-status] [3484] Resolved module firebase-admin {"declared":true,"installed":true,"version":"9.5.0","resolution":"D:\\development\\react-apps\\amazon-clone\\amazon-clone\\functions\\node_modules\\firebase-admin\\lib\\index.js"} {"metadata":{"emulator":{"name":"functions"},"message":"[runtime-status] [3484] Resolved module firebase-admin {\"declared\":true,\"installed\":true,\"version\":\"9.5.0\",\"resolution\":\"D:\\\\development\\\\react-apps\\\\amazon-clone\\\\amazon-clone\\\\functions\\\\node_modules\\\\firebase-admin\\\\lib\\\\index.js\"}"}}
[debug] [2021-02-17T11:53:49.488Z] [runtime-status] [3484] Resolved module firebase-functions {"declared":true,"installed":true,"version":"3.13.1","resolution":"D:\\development\\react-apps\\amazon-clone\\amazon-clone\\functions\\node_modules\\firebase-functions\\lib\\index.js"} {"metadata":{"emulator":{"name":"functions"},"message":"[runtime-status] [3484] Resolved module firebase-functions {\"declared\":true,\"installed\":true,\"version\":\"3.13.1\",\"resolution\":\"D:\\\\development\\\\react-apps\\\\amazon-clone\\\\amazon-clone\\\\functions\\\\node_modules\\\\firebase-functions\\\\lib\\\\index.js\"}"}}
[debug] [2021-02-17T11:53:49.488Z] [runtime-status] [3484] Resolved module firebase-functions {"declared":true,"installed":true,"version":"3.13.1","resolution":"D:\\development\\react-apps\\amazon-clone\\amazon-clone\\functions\\node_modules\\firebase-functions\\lib\\index.js"} {"metadata":{"emulator":{"name":"functions"},"message":"[runtime-status] [3484] Resolved module firebase-functions {\"declared\":true,\"installed\":true,\"version\":\"3.13.1\",\"resolution\":\"D:\\\\development\\\\react-apps\\\\amazon-clone\\\\amazon-clone\\\\functions\\\\node_modules\\\\firebase-functions\\\\lib\\\\index.js\"}"}}
[debug] [2021-02-17T11:53:49.490Z] [runtime-status] [3484] Outgoing network have been stubbed. [{"name":"http","status":"mocked"},{"name":"http","status":"mocked"},{"name":"https","status":"mocked"},{"name":"https","status":"mocked"},{"name":"net","status":"mocked"}] {"metadata":{"emulator":{"name":"functions"},"message":"[runtime-status] [3484] Outgoing network have been stubbed. [{\"name\":\"http\",\"status\":\"mocked\"},{\"name\":\"http\",\"status\":\"mocked\"},{\"name\":\"https\",\"status\":\"mocked\"},{\"name\":\"https\",\"status\":\"mocked\"},{\"name\":\"net\",\"status\":\"mocked\"}]"}}
[debug] [2021-02-17T11:53:49.490Z] [runtime-status] [3484] Resolved module firebase-functions {"declared":true,"installed":true,"version":"3.13.1","resolution":"D:\\development\\react-apps\\amazon-clone\\amazon-clone\\functions\\node_modules\\firebase-functions\\lib\\index.js"} {"metadata":{"emulator":{"name":"functions"},"message":"[runtime-status] [3484] Resolved module firebase-functions {\"declared\":true,\"installed\":true,\"version\":\"3.13.1\",\"resolution\":\"D:\\\\development\\\\react-apps\\\\amazon-clone\\\\amazon-clone\\\\functions\\\\node_modules\\\\firebase-functions\\\\lib\\\\index.js\"}"}}
[debug] [2021-02-17T11:53:49.525Z] [runtime-status] [3484] Checked functions.config() {"config":{}} {"metadata":{"emulator":{"name":"functions"},"message":"[runtime-status] [3484] Checked functions.config() {\"config\":{}}"}}
[debug] [2021-02-17T11:53:49.525Z] [runtime-status] [3484] firebase-functions has been stubbed. {"functionsResolution":{"declared":true,"installed":true,"version":"3.13.1","resolution":"D:\\development\\react-apps\\amazon-clone\\amazon-clone\\functions\\node_modules\\firebase-functions\\lib\\index.js"}} {"metadata":{"emulator":{"name":"functions"},"message":"[runtime-status] [3484] firebase-functions has been stubbed. {\"functionsResolution\":{\"declared\":true,\"installed\":true,\"version\":\"3.13.1\",\"resolution\":\"D:\\\\development\\\\react-apps\\\\amazon-clone\\\\amazon-clone\\\\functions\\\\node_modules\\\\firebase-functions\\\\lib\\\\index.js\"}}"}}
[debug] [2021-02-17T11:53:49.525Z] [runtime-status] [3484] Resolved module firebase-functions {"declared":true,"installed":true,"version":"3.13.1","resolution":"D:\\development\\react-apps\\amazon-clone\\amazon-clone\\functions\\node_modules\\firebase-functions\\lib\\index.js"} {"metadata":{"emulator":{"name":"functions"},"message":"[runtime-status] [3484] Resolved module firebase-functions {\"declared\":true,\"installed\":true,\"version\":\"3.13.1\",\"resolution\":\"D:\\\\development\\\\react-apps\\\\amazon-clone\\\\amazon-clone\\\\functions\\\\node_modules\\\\firebase-functions\\\\lib\\\\index.js\"}"}}
[debug] [2021-02-17T11:53:49.526Z] [runtime-status] [3484] Resolved module firebase-admin {"declared":true,"installed":true,"version":"9.5.0","resolution":"D:\\development\\react-apps\\amazon-clone\\amazon-clone\\functions\\node_modules\\firebase-admin\\lib\\index.js"} {"metadata":{"emulator":{"name":"functions"},"message":"[runtime-status] [3484] Resolved module firebase-admin {\"declared\":true,\"installed\":true,\"version\":\"9.5.0\",\"resolution\":\"D:\\\\development\\\\react-apps\\\\amazon-clone\\\\amazon-clone\\\\functions\\\\node_modules\\\\firebase-admin\\\\lib\\\\index.js\"}"}}
[debug] [2021-02-17T11:53:49.526Z] [runtime-status] [3484] Resolved module firebase-functions {"declared":true,"installed":true,"version":"3.13.1","resolution":"D:\\development\\react-apps\\amazon-clone\\amazon-clone\\functions\\node_modules\\firebase-functions\\lib\\index.js"} {"metadata":{"emulator":{"name":"functions"},"message":"[runtime-status] [3484] Resolved module firebase-functions {\"declared\":true,\"installed\":true,\"version\":\"3.13.1\",\"resolution\":\"D:\\\\development\\\\react-apps\\\\amazon-clone\\\\amazon-clone\\\\functions\\\\node_modules\\\\firebase-functions\\\\lib\\\\index.js\"}"}}
[debug] [2021-02-17T11:53:49.526Z] [runtime-status] [3484] firebase-admin has been stubbed. {"adminResolution":{"declared":true,"installed":true,"version":"9.5.0","resolution":"D:\\development\\react-apps\\amazon-clone\\amazon-clone\\functions\\node_modules\\firebase-admin\\lib\\index.js"}} {"metadata":{"emulator":{"name":"functions"},"message":"[runtime-status] [3484] firebase-admin has been stubbed. {\"adminResolution\":{\"declared\":true,\"installed\":true,\"version\":\"9.5.0\",\"resolution\":\"D:\\\\development\\\\react-apps\\\\amazon-clone\\\\amazon-clone\\\\functions\\\\node_modules\\\\firebase-admin\\\\lib\\\\index.js\"}}"}}
[info] +  functions[api]: http function initialized (http://localhost:5001/clone-d2780/us-central1/api). {"metadata":{"emulator":{"name":"functions"},"message":"\u001b[1mhttp\u001b[22m function initialized (http://localhost:5001/clone-d2780/us-central1/api)."}}
[info] 
┌─────────────────────────────────────────────────────────────┐
│ ✔  All emulators ready! It is now safe to connect your app. │
│ i  View Emulator UI at http://localhost:4000                │
└─────────────────────────────────────────────────────────────┘

┌───────────┬────────────────┬─────────────────────────────────┐
│ Emulator  │ Host:Port      │ View in Emulator UI             │
├───────────┼────────────────┼─────────────────────────────────┤
│ Functions │ localhost:5001 │ http://localhost:4000/functions │
├───────────┼────────────────┼─────────────────────────────────┤
│ Hosting   │ localhost:5000 │ n/a                             │
└───────────┴────────────────┴─────────────────────────────────┘
  Emulator Hub running at localhost:4400
  Other reserved ports: 4500

Issues? Report them at https://github.com/firebase/firebase-tools/issues and attach the *-debug.log files.
 
[debug] [2021-02-17T11:53:49.663Z] [worker-~diagnostic~-c2053d9c-85f0-4da9-8d05-f1b45850152e]: IDLE {"metadata":{"emulator":{"name":"functions"},"message":"[worker-~diagnostic~-c2053d9c-85f0-4da9-8d05-f1b45850152e]: IDLE"}}
[debug] [2021-02-17T11:53:57.715Z] [work-queue] {"queueLength":1,"workRunningCount":0}
[debug] [2021-02-17T11:53:57.716Z] [work-queue] {"queueLength":0,"workRunningCount":1}
[debug] [2021-02-17T11:53:57.716Z] Accepted request POST /clone-d2780/us-central1/api/payments/create?total=131889 --> api
[debug] [2021-02-17T11:53:57.721Z] [worker-pool] addWorker(api) {"metadata":{"emulator":{"name":"functions"},"message":"[worker-pool] addWorker(api)"}}
[debug] [2021-02-17T11:53:57.722Z] [worker-pool] Adding worker with key api, total=1 {"metadata":{"emulator":{"name":"functions"},"message":"[worker-pool] Adding worker with key api, total=1"}}
[debug] [2021-02-17T11:53:57.722Z] [worker-pool] submitWork(triggerId=api) {"metadata":{"emulator":{"name":"functions"},"message":"[worker-pool] submitWork(triggerId=api)"}}
[debug] [2021-02-17T11:53:57.723Z] [worker-api-721f2a94-5619-4b80-bdb5-c999621f5490]: Assigning socketPath: \\?\pipe\D:\development\react-apps\amazon-clone\amazon-clone\functions\13864 {"metadata":{"emulator":{"name":"functions"},"message":"[worker-api-721f2a94-5619-4b80-bdb5-c999621f5490]: Assigning socketPath: \\\\?\\pipe\\D:\\development\\react-apps\\amazon-clone\\amazon-clone\\functions\\13864"}}
[debug] [2021-02-17T11:53:57.723Z] [worker-api-721f2a94-5619-4b80-bdb5-c999621f5490]: BUSY {"metadata":{"emulator":{"name":"functions"},"message":"[worker-api-721f2a94-5619-4b80-bdb5-c999621f5490]: BUSY"}}
[debug] [2021-02-17T11:53:57.908Z] [runtime-status] [13864] Functions runtime initialized. {"cwd":"D:\\development\\react-apps\\amazon-clone\\amazon-clone\\functions","node_version":"12.18.2"} {"metadata":{"emulator":{"name":"functions"},"function":{"name":"api"},"message":"[runtime-status] [13864] Functions runtime initialized. {\"cwd\":\"D:\\\\development\\\\react-apps\\\\amazon-clone\\\\amazon-clone\\\\functions\",\"node_version\":\"12.18.2\"}"}}
[debug] [2021-02-17T11:53:57.909Z] [runtime-status] [13864] Disabled runtime features: undefined {"metadata":{"emulator":{"name":"functions"},"function":{"name":"api"},"message":"[runtime-status] [13864] Disabled runtime features: undefined"}}
[debug] [2021-02-17T11:53:57.911Z] [runtime-status] [13864] Resolved module firebase-admin {"declared":true,"installed":true,"version":"9.5.0","resolution":"D:\\development\\react-apps\\amazon-clone\\amazon-clone\\functions\\node_modules\\firebase-admin\\lib\\index.js"} {"metadata":{"emulator":{"name":"functions"},"function":{"name":"api"},"message":"[runtime-status] [13864] Resolved module firebase-admin {\"declared\":true,\"installed\":true,\"version\":\"9.5.0\",\"resolution\":\"D:\\\\development\\\\react-apps\\\\amazon-clone\\\\amazon-clone\\\\functions\\\\node_modules\\\\firebase-admin\\\\lib\\\\index.js\"}"}}
[debug] [2021-02-17T11:53:57.912Z] [runtime-status] [13864] Resolved module firebase-functions {"declared":true,"installed":true,"version":"3.13.1","resolution":"D:\\development\\react-apps\\amazon-clone\\amazon-clone\\functions\\node_modules\\firebase-functions\\lib\\index.js"} {"metadata":{"emulator":{"name":"functions"},"function":{"name":"api"},"message":"[runtime-status] [13864] Resolved module firebase-functions {\"declared\":true,\"installed\":true,\"version\":\"3.13.1\",\"resolution\":\"D:\\\\development\\\\react-apps\\\\amazon-clone\\\\amazon-clone\\\\functions\\\\node_modules\\\\firebase-functions\\\\lib\\\\index.js\"}"}}
[debug] [2021-02-17T11:53:57.913Z] [runtime-status] [13864] Resolved module firebase-functions {"declared":true,"installed":true,"version":"3.13.1","resolution":"D:\\development\\react-apps\\amazon-clone\\amazon-clone\\functions\\node_modules\\firebase-functions\\lib\\index.js"} {"metadata":{"emulator":{"name":"functions"},"function":{"name":"api"},"message":"[runtime-status] [13864] Resolved module firebase-functions {\"declared\":true,\"installed\":true,\"version\":\"3.13.1\",\"resolution\":\"D:\\\\development\\\\react-apps\\\\amazon-clone\\\\amazon-clone\\\\functions\\\\node_modules\\\\firebase-functions\\\\lib\\\\index.js\"}"}}
[debug] [2021-02-17T11:53:57.914Z] [runtime-status] [13864] Outgoing network have been stubbed. [{"name":"http","status":"mocked"},{"name":"http","status":"mocked"},{"name":"https","status":"mocked"},{"name":"https","status":"mocked"},{"name":"net","status":"mocked"}] {"metadata":{"emulator":{"name":"functions"},"function":{"name":"api"},"message":"[runtime-status] [13864] Outgoing network have been stubbed. [{\"name\":\"http\",\"status\":\"mocked\"},{\"name\":\"http\",\"status\":\"mocked\"},{\"name\":\"https\",\"status\":\"mocked\"},{\"name\":\"https\",\"status\":\"mocked\"},{\"name\":\"net\",\"status\":\"mocked\"}]"}}
[debug] [2021-02-17T11:53:57.915Z] [runtime-status] [13864] Resolved module firebase-functions {"declared":true,"installed":true,"version":"3.13.1","resolution":"D:\\development\\react-apps\\amazon-clone\\amazon-clone\\functions\\node_modules\\firebase-functions\\lib\\index.js"} {"metadata":{"emulator":{"name":"functions"},"function":{"name":"api"},"message":"[runtime-status] [13864] Resolved module firebase-functions {\"declared\":true,\"installed\":true,\"version\":\"3.13.1\",\"resolution\":\"D:\\\\development\\\\react-apps\\\\amazon-clone\\\\amazon-clone\\\\functions\\\\node_modules\\\\firebase-functions\\\\lib\\\\index.js\"}"}}
[debug] [2021-02-17T11:53:57.949Z] [runtime-status] [13864] Checked functions.config() {"config":{}} {"metadata":{"emulator":{"name":"functions"},"function":{"name":"api"},"message":"[runtime-status] [13864] Checked functions.config() {\"config\":{}}"}}
[debug] [2021-02-17T11:53:57.950Z] [runtime-status] [13864] firebase-functions has been stubbed. {"functionsResolution":{"declared":true,"installed":true,"version":"3.13.1","resolution":"D:\\development\\react-apps\\amazon-clone\\amazon-clone\\functions\\node_modules\\firebase-functions\\lib\\index.js"}} {"metadata":{"emulator":{"name":"functions"},"function":{"name":"api"},"message":"[runtime-status] [13864] firebase-functions has been stubbed. {\"functionsResolution\":{\"declared\":true,\"installed\":true,\"version\":\"3.13.1\",\"resolution\":\"D:\\\\development\\\\react-apps\\\\amazon-clone\\\\amazon-clone\\\\functions\\\\node_modules\\\\firebase-functions\\\\lib\\\\index.js\"}}"}}
[debug] [2021-02-17T11:53:57.950Z] [runtime-status] [13864] Resolved module firebase-functions {"declared":true,"installed":true,"version":"3.13.1","resolution":"D:\\development\\react-apps\\amazon-clone\\amazon-clone\\functions\\node_modules\\firebase-functions\\lib\\index.js"} {"metadata":{"emulator":{"name":"functions"},"function":{"name":"api"},"message":"[runtime-status] [13864] Resolved module firebase-functions {\"declared\":true,\"installed\":true,\"version\":\"3.13.1\",\"resolution\":\"D:\\\\development\\\\react-apps\\\\amazon-clone\\\\amazon-clone\\\\functions\\\\node_modules\\\\firebase-functions\\\\lib\\\\index.js\"}"}}
[debug] [2021-02-17T11:53:57.951Z] [runtime-status] [13864] Resolved module firebase-admin {"declared":true,"installed":true,"version":"9.5.0","resolution":"D:\\development\\react-apps\\amazon-clone\\amazon-clone\\functions\\node_modules\\firebase-admin\\lib\\index.js"} {"metadata":{"emulator":{"name":"functions"},"function":{"name":"api"},"message":"[runtime-status] [13864] Resolved module firebase-admin {\"declared\":true,\"installed\":true,\"version\":\"9.5.0\",\"resolution\":\"D:\\\\development\\\\react-apps\\\\amazon-clone\\\\amazon-clone\\\\functions\\\\node_modules\\\\firebase-admin\\\\lib\\\\index.js\"}"}}
[debug] [2021-02-17T11:53:57.951Z] [runtime-status] [13864] Resolved module firebase-functions {"declared":true,"installed":true,"version":"3.13.1","resolution":"D:\\development\\react-apps\\amazon-clone\\amazon-clone\\functions\\node_modules\\firebase-functions\\lib\\index.js"} {"metadata":{"emulator":{"name":"functions"},"function":{"name":"api"},"message":"[runtime-status] [13864] Resolved module firebase-functions {\"declared\":true,\"installed\":true,\"version\":\"3.13.1\",\"resolution\":\"D:\\\\development\\\\react-apps\\\\amazon-clone\\\\amazon-clone\\\\functions\\\\node_modules\\\\firebase-functions\\\\lib\\\\index.js\"}"}}
[debug] [2021-02-17T11:53:57.951Z] [runtime-status] [13864] firebase-admin has been stubbed. {"adminResolution":{"declared":true,"installed":true,"version":"9.5.0","resolution":"D:\\development\\react-apps\\amazon-clone\\amazon-clone\\functions\\node_modules\\firebase-admin\\lib\\index.js"}} {"metadata":{"emulator":{"name":"functions"},"function":{"name":"api"},"message":"[runtime-status] [13864] firebase-admin has been stubbed. {\"adminResolution\":{\"declared\":true,\"installed\":true,\"version\":\"9.5.0\",\"resolution\":\"D:\\\\development\\\\react-apps\\\\amazon-clone\\\\amazon-clone\\\\functions\\\\node_modules\\\\firebase-admin\\\\lib\\\\index.js\"}}"}}
[debug] [2021-02-17T11:53:58.069Z] [runtime-status] [13864] Trigger "api" has been found, beginning invocation! {"metadata":{"emulator":{"name":"functions"},"function":{"name":"api"},"message":"[runtime-status] [13864] Trigger \"api\" has been found, beginning invocation!"}}
[info] i  functions: Beginning execution of "api" {"metadata":{"emulator":{"name":"functions"},"function":{"name":"api"},"message":"Beginning execution of \"api\""}}
[debug] [2021-02-17T11:53:58.070Z] [runtime-status] [13864] triggerDefinition {"httpsTrigger":{},"name":"api","entryPoint":"api"} {"metadata":{"emulator":{"name":"functions"},"function":{"name":"api"},"message":"[runtime-status] [13864] triggerDefinition {\"httpsTrigger\":{},\"name\":\"api\",\"entryPoint\":\"api\"}"}}
[debug] [2021-02-17T11:53:58.070Z] [runtime-status] [13864] Running api in mode HTTPS {"metadata":{"emulator":{"name":"functions"},"function":{"name":"api"},"message":"[runtime-status] [13864] Running api in mode HTTPS"}}
[debug] [2021-02-17T11:53:58.072Z] [runtime-status] [13864] Attempting to listen to socketPath: \\?\pipe\D:\development\react-apps\amazon-clone\amazon-clone\functions\13864 {"metadata":{"emulator":{"name":"functions"},"function":{"name":"api"},"message":"[runtime-status] [13864] Attempting to listen to socketPath: \\\\?\\pipe\\D:\\development\\react-apps\\amazon-clone\\amazon-clone\\functions\\13864"}}
[debug] [2021-02-17T11:53:58.075Z] [functions] Runtime ready! Sending request! {"metadata":{"emulator":{"name":"functions"},"message":"[functions] Runtime ready! Sending request!"}}
[debug] [2021-02-17T11:53:58.076Z] [functions] Got req.url=/clone-d2780/us-central1/api/payments/create?total=131889, mapping to path=/payments/create?total=131889 {"metadata":{"emulator":{"name":"functions"},"message":"[functions] Got req.url=/clone-d2780/us-central1/api/payments/create?total=131889, mapping to path=/payments/create?total=131889"}}
[debug] [2021-02-17T11:53:58.083Z] [runtime-status] [13864] Ephemeral server handling POST request {"metadata":{"emulator":{"name":"functions"},"function":{"name":"api"},"message":"[runtime-status] [13864] Ephemeral server handling POST request"}}
[info] >  Payment Request Recieved BOOM!!! for this amount >>>  131889 {"user":"Payment Request Recieved BOOM!!! for this amount >>>  131889","metadata":{"emulator":{"name":"functions"},"function":{"name":"api"},"message":"\u001b[90m> \u001b[39m Payment Request Recieved BOOM!!! for this amount >>>  131889"}}
[debug] [2021-02-17T11:53:58.091Z] [runtime-status] [13864] Ephemeral server survived. {"metadata":{"emulator":{"name":"functions"},"function":{"name":"api"},"message":"[runtime-status] [13864] Ephemeral server survived."}}
[info] i  functions: Finished "api" in ~1s {"metadata":{"emulator":{"name":"functions"},"function":{"name":"api"},"message":"Finished \"api\" in ~1s"}}
[debug] [2021-02-17T11:53:59.186Z] [worker-api-721f2a94-5619-4b80-bdb5-c999621f5490]: IDLE {"metadata":{"emulator":{"name":"functions"},"message":"[worker-api-721f2a94-5619-4b80-bdb5-c999621f5490]: IDLE"}}
[debug] [2021-02-17T11:53:59.186Z] [work-queue] {"queueLength":0,"workRunningCount":0}
[debug] [2021-02-17T11:54:10.959Z] [work-queue] {"queueLength":1,"workRunningCount":0}
[debug] [2021-02-17T11:54:10.959Z] [work-queue] {"queueLength":0,"workRunningCount":1}
[debug] [2021-02-17T11:54:10.959Z] Accepted request POST /clone-d2780/us-central1/api/payments/create?total=0 --> api
[debug] [2021-02-17T11:54:10.960Z] [worker-pool] submitWork(triggerId=api) {"metadata":{"emulator":{"name":"functions"},"message":"[worker-pool] submitWork(triggerId=api)"}}
[debug] [2021-02-17T11:54:10.960Z] [worker-api-721f2a94-5619-4b80-bdb5-c999621f5490]: Assigning socketPath: \\?\pipe\D:\development\react-apps\amazon-clone\amazon-clone\functions\13864 {"metadata":{"emulator":{"name":"functions"},"message":"[worker-api-721f2a94-5619-4b80-bdb5-c999621f5490]: Assigning socketPath: \\\\?\\pipe\\D:\\development\\react-apps\\amazon-clone\\amazon-clone\\functions\\13864"}}
[debug] [2021-02-17T11:54:10.960Z] [worker-api-721f2a94-5619-4b80-bdb5-c999621f5490]: BUSY {"metadata":{"emulator":{"name":"functions"},"message":"[worker-api-721f2a94-5619-4b80-bdb5-c999621f5490]: BUSY"}}
[debug] [2021-02-17T11:54:10.960Z] [runtime-status] [13864] Trigger "api" has been found, beginning invocation! {"metadata":{"emulator":{"name":"functions"},"function":{"name":"api"},"message":"[runtime-status] [13864] Trigger \"api\" has been found, beginning invocation!"}}
[info] i  functions: Beginning execution of "api" {"metadata":{"emulator":{"name":"functions"},"function":{"name":"api"},"message":"Beginning execution of \"api\""}}
[debug] [2021-02-17T11:54:10.961Z] [runtime-status] [13864] triggerDefinition {"httpsTrigger":{},"name":"api","entryPoint":"api"} {"metadata":{"emulator":{"name":"functions"},"function":{"name":"api"},"message":"[runtime-status] [13864] triggerDefinition {\"httpsTrigger\":{},\"name\":\"api\",\"entryPoint\":\"api\"}"}}
[debug] [2021-02-17T11:54:10.961Z] [runtime-status] [13864] Running api in mode HTTPS {"metadata":{"emulator":{"name":"functions"},"function":{"name":"api"},"message":"[runtime-status] [13864] Running api in mode HTTPS"}}
[debug] [2021-02-17T11:54:10.961Z] [runtime-status] [13864] Attempting to listen to socketPath: \\?\pipe\D:\development\react-apps\amazon-clone\amazon-clone\functions\13864 {"metadata":{"emulator":{"name":"functions"},"function":{"name":"api"},"message":"[runtime-status] [13864] Attempting to listen to socketPath: \\\\?\\pipe\\D:\\development\\react-apps\\amazon-clone\\amazon-clone\\functions\\13864"}}
[debug] [2021-02-17T11:54:10.962Z] [functions] Runtime ready! Sending request! {"metadata":{"emulator":{"name":"functions"},"message":"[functions] Runtime ready! Sending request!"}}
[debug] [2021-02-17T11:54:10.962Z] [functions] Got req.url=/clone-d2780/us-central1/api/payments/create?total=0, mapping to path=/payments/create?total=0 {"metadata":{"emulator":{"name":"functions"},"message":"[functions] Got req.url=/clone-d2780/us-central1/api/payments/create?total=0, mapping to path=/payments/create?total=0"}}
[debug] [2021-02-17T11:54:10.964Z] [runtime-status] [13864] Ephemeral server handling POST request {"metadata":{"emulator":{"name":"functions"},"function":{"name":"api"},"message":"[runtime-status] [13864] Ephemeral server handling POST request"}}
[info] >  Payment Request Recieved BOOM!!! for this amount >>>  0 {"user":"Payment Request Recieved BOOM!!! for this amount >>>  0","metadata":{"emulator":{"name":"functions"},"function":{"name":"api"},"message":"\u001b[90m> \u001b[39m Payment Request Recieved BOOM!!! for this amount >>>  0"}}
[debug] [2021-02-17T11:54:10.965Z] [runtime-status] [13864] Ephemeral server survived. {"metadata":{"emulator":{"name":"functions"},"function":{"name":"api"},"message":"[runtime-status] [13864] Ephemeral server survived."}}
[info] >  (node:13864) UnhandledPromiseRejectionWarning: Error: This value must be greater than or equal to 1. {"user":"(node:13864) UnhandledPromiseRejectionWarning: Error: This value must be greater than or equal to 1.","metadata":{"emulator":{"name":"functions"},"function":{"name":"api"},"message":"\u001b[90m> \u001b[39m (node:13864) UnhandledPromiseRejectionWarning: Error: This value must be greater than or equal to 1."}}
[info] >      at Function.generate (D:\development\react-apps\amazon-clone\amazon-clone\functions\node_modules\stripe\lib\Error.js:40:16) {"user":"    at Function.generate (D:\\development\\react-apps\\amazon-clone\\amazon-clone\\functions\\node_modules\\stripe\\lib\\Error.js:40:16)","metadata":{"emulator":{"name":"functions"},"function":{"name":"api"},"message":"\u001b[90m> \u001b[39m     at Function.generate (D:\\development\\react-apps\\amazon-clone\\amazon-clone\\functions\\node_modules\\stripe\\lib\\Error.js:40:16)"}}
[info] >      at IncomingMessage.<anonymous> (D:\development\react-apps\amazon-clone\amazon-clone\functions\node_modules\stripe\lib\StripeResource.js:180:33) {"user":"    at IncomingMessage.<anonymous> (D:\\development\\react-apps\\amazon-clone\\amazon-clone\\functions\\node_modules\\stripe\\lib\\StripeResource.js:180:33)","metadata":{"emulator":{"name":"functions"},"function":{"name":"api"},"message":"\u001b[90m> \u001b[39m     at IncomingMessage.<anonymous> (D:\\development\\react-apps\\amazon-clone\\amazon-clone\\functions\\node_modules\\stripe\\lib\\StripeResource.js:180:33)"}}
[info] >      at Object.onceWrapper (events.js:421:28) {"user":"    at Object.onceWrapper (events.js:421:28)","metadata":{"emulator":{"name":"functions"},"function":{"name":"api"},"message":"\u001b[90m> \u001b[39m     at Object.onceWrapper (events.js:421:28)"}}
[info] >      at IncomingMessage.emit (events.js:327:22) {"user":"    at IncomingMessage.emit (events.js:327:22)","metadata":{"emulator":{"name":"functions"},"function":{"name":"api"},"message":"\u001b[90m> \u001b[39m     at IncomingMessage.emit (events.js:327:22)"}}
[info] >      at endReadableNT (_stream_readable.js:1221:12) {"user":"    at endReadableNT (_stream_readable.js:1221:12)","metadata":{"emulator":{"name":"functions"},"function":{"name":"api"},"message":"\u001b[90m> \u001b[39m     at endReadableNT (_stream_readable.js:1221:12)"}}
[info] >      at processTicksAndRejections (internal/process/task_queues.js:84:21) {"user":"    at processTicksAndRejections (internal/process/task_queues.js:84:21)","metadata":{"emulator":{"name":"functions"},"function":{"name":"api"},"message":"\u001b[90m> \u001b[39m     at processTicksAndRejections (internal/process/task_queues.js:84:21)"}}
[info] >  (node:13864) UnhandledPromiseRejectionWarning: Unhandled promise rejection. This error originated either by throwing inside of an async function without a catch block, or by rejecting a promise which was not handled with .catch(). To terminate the node process on unhandled promise rejection, use the CLI flag `--unhandled-rejections=strict` (see https://nodejs.org/api/cli.html#cli_unhandled_rejections_mode). (rejection id: 1) {"user":"(node:13864) UnhandledPromiseRejectionWarning: Unhandled promise rejection. This error originated either by throwing inside of an async function without a catch block, or by rejecting a promise which was not handled with .catch(). To terminate the node process on unhandled promise rejection, use the CLI flag `--unhandled-rejections=strict` (see https://nodejs.org/api/cli.html#cli_unhandled_rejections_mode). (rejection id: 1)","metadata":{"emulator":{"name":"functions"},"function":{"name":"api"},"message":"\u001b[90m> \u001b[39m (node:13864) UnhandledPromiseRejectionWarning: Unhandled promise rejection. This error originated either by throwing inside of an async function without a catch block, or by rejecting a promise which was not handled with .catch(). To terminate the node process on unhandled promise rejection, use the CLI flag `--unhandled-rejections=strict` (see https://nodejs.org/api/cli.html#cli_unhandled_rejections_mode). (rejection id: 1)"}}
[info] >  (node:13864) [DEP0018] DeprecationWarning: Unhandled promise rejections are deprecated. In the future, promise rejections that are not handled will terminate the Node.js process with a non-zero exit code. {"user":"(node:13864) [DEP0018] DeprecationWarning: Unhandled promise rejections are deprecated. In the future, promise rejections that are not handled will terminate the Node.js process with a non-zero exit code.","metadata":{"emulator":{"name":"functions"},"function":{"name":"api"},"message":"\u001b[90m> \u001b[39m (node:13864) [DEP0018] DeprecationWarning: Unhandled promise rejections are deprecated. In the future, promise rejections that are not handled will terminate the Node.js process with a non-zero exit code."}}
[debug] [2021-02-17T11:55:01.973Z] [work-queue] {"queueLength":1,"workRunningCount":1}
[debug] [2021-02-17T11:55:01.973Z] [work-queue] {"queueLength":0,"workRunningCount":2}
[debug] [2021-02-17T11:55:01.973Z] Accepted request POST /clone-d2780/us-central1/api/payments/create?total=0 --> api
[debug] [2021-02-17T11:55:01.976Z] [worker-pool] addWorker(api) {"metadata":{"emulator":{"name":"functions"},"message":"[worker-pool] addWorker(api)"}}
[debug] [2021-02-17T11:55:01.976Z] [worker-pool] Adding worker with key api, total=2 {"metadata":{"emulator":{"name":"functions"},"message":"[worker-pool] Adding worker with key api, total=2"}}
[debug] [2021-02-17T11:55:01.976Z] [worker-pool] submitWork(triggerId=api) {"metadata":{"emulator":{"name":"functions"},"message":"[worker-pool] submitWork(triggerId=api)"}}
[debug] [2021-02-17T11:55:01.976Z] [worker-api-a0a945b5-2ccf-4571-b52c-b0bc968dc58d]: Assigning socketPath: \\?\pipe\D:\development\react-apps\amazon-clone\amazon-clone\functions\12136 {"metadata":{"emulator":{"name":"functions"},"message":"[worker-api-a0a945b5-2ccf-4571-b52c-b0bc968dc58d]: Assigning socketPath: \\\\?\\pipe\\D:\\development\\react-apps\\amazon-clone\\amazon-clone\\functions\\12136"}}
[debug] [2021-02-17T11:55:01.976Z] [worker-api-a0a945b5-2ccf-4571-b52c-b0bc968dc58d]: BUSY {"metadata":{"emulator":{"name":"functions"},"message":"[worker-api-a0a945b5-2ccf-4571-b52c-b0bc968dc58d]: BUSY"}}
[debug] [2021-02-17T11:55:02.133Z] [runtime-status] [12136] Functions runtime initialized. {"cwd":"D:\\development\\react-apps\\amazon-clone\\amazon-clone\\functions","node_version":"12.18.2"} {"metadata":{"emulator":{"name":"functions"},"function":{"name":"api"},"message":"[runtime-status] [12136] Functions runtime initialized. {\"cwd\":\"D:\\\\development\\\\react-apps\\\\amazon-clone\\\\amazon-clone\\\\functions\",\"node_version\":\"12.18.2\"}"}}
[debug] [2021-02-17T11:55:02.134Z] [runtime-status] [12136] Disabled runtime features: undefined {"metadata":{"emulator":{"name":"functions"},"function":{"name":"api"},"message":"[runtime-status] [12136] Disabled runtime features: undefined"}}
[debug] [2021-02-17T11:55:02.136Z] [runtime-status] [12136] Resolved module firebase-admin {"declared":true,"installed":true,"version":"9.5.0","resolution":"D:\\development\\react-apps\\amazon-clone\\amazon-clone\\functions\\node_modules\\firebase-admin\\lib\\index.js"} {"metadata":{"emulator":{"name":"functions"},"function":{"name":"api"},"message":"[runtime-status] [12136] Resolved module firebase-admin {\"declared\":true,\"installed\":true,\"version\":\"9.5.0\",\"resolution\":\"D:\\\\development\\\\react-apps\\\\amazon-clone\\\\amazon-clone\\\\functions\\\\node_modules\\\\firebase-admin\\\\lib\\\\index.js\"}"}}
[debug] [2021-02-17T11:55:02.138Z] [runtime-status] [12136] Resolved module firebase-functions {"declared":true,"installed":true,"version":"3.13.1","resolution":"D:\\development\\react-apps\\amazon-clone\\amazon-clone\\functions\\node_modules\\firebase-functions\\lib\\index.js"} {"metadata":{"emulator":{"name":"functions"},"function":{"name":"api"},"message":"[runtime-status] [12136] Resolved module firebase-functions {\"declared\":true,\"installed\":true,\"version\":\"3.13.1\",\"resolution\":\"D:\\\\development\\\\react-apps\\\\amazon-clone\\\\amazon-clone\\\\functions\\\\node_modules\\\\firebase-functions\\\\lib\\\\index.js\"}"}}
[debug] [2021-02-17T11:55:02.138Z] [runtime-status] [12136] Resolved module firebase-functions {"declared":true,"installed":true,"version":"3.13.1","resolution":"D:\\development\\react-apps\\amazon-clone\\amazon-clone\\functions\\node_modules\\firebase-functions\\lib\\index.js"} {"metadata":{"emulator":{"name":"functions"},"function":{"name":"api"},"message":"[runtime-status] [12136] Resolved module firebase-functions {\"declared\":true,\"installed\":true,\"version\":\"3.13.1\",\"resolution\":\"D:\\\\development\\\\react-apps\\\\amazon-clone\\\\amazon-clone\\\\functions\\\\node_modules\\\\firebase-functions\\\\lib\\\\index.js\"}"}}
[debug] [2021-02-17T11:55:02.140Z] [runtime-status] [12136] Outgoing network have been stubbed. [{"name":"http","status":"mocked"},{"name":"http","status":"mocked"},{"name":"https","status":"mocked"},{"name":"https","status":"mocked"},{"name":"net","status":"mocked"}] {"metadata":{"emulator":{"name":"functions"},"function":{"name":"api"},"message":"[runtime-status] [12136] Outgoing network have been stubbed. [{\"name\":\"http\",\"status\":\"mocked\"},{\"name\":\"http\",\"status\":\"mocked\"},{\"name\":\"https\",\"status\":\"mocked\"},{\"name\":\"https\",\"status\":\"mocked\"},{\"name\":\"net\",\"status\":\"mocked\"}]"}}
[debug] [2021-02-17T11:55:02.140Z] [runtime-status] [12136] Resolved module firebase-functions {"declared":true,"installed":true,"version":"3.13.1","resolution":"D:\\development\\react-apps\\amazon-clone\\amazon-clone\\functions\\node_modules\\firebase-functions\\lib\\index.js"} {"metadata":{"emulator":{"name":"functions"},"function":{"name":"api"},"message":"[runtime-status] [12136] Resolved module firebase-functions {\"declared\":true,\"installed\":true,\"version\":\"3.13.1\",\"resolution\":\"D:\\\\development\\\\react-apps\\\\amazon-clone\\\\amazon-clone\\\\functions\\\\node_modules\\\\firebase-functions\\\\lib\\\\index.js\"}"}}
[debug] [2021-02-17T11:55:02.176Z] [runtime-status] [12136] Checked functions.config() {"config":{}} {"metadata":{"emulator":{"name":"functions"},"function":{"name":"api"},"message":"[runtime-status] [12136] Checked functions.config() {\"config\":{}}"}}
[debug] [2021-02-17T11:55:02.176Z] [runtime-status] [12136] firebase-functions has been stubbed. {"functionsResolution":{"declared":true,"installed":true,"version":"3.13.1","resolution":"D:\\development\\react-apps\\amazon-clone\\amazon-clone\\functions\\node_modules\\firebase-functions\\lib\\index.js"}} {"metadata":{"emulator":{"name":"functions"},"function":{"name":"api"},"message":"[runtime-status] [12136] firebase-functions has been stubbed. {\"functionsResolution\":{\"declared\":true,\"installed\":true,\"version\":\"3.13.1\",\"resolution\":\"D:\\\\development\\\\react-apps\\\\amazon-clone\\\\amazon-clone\\\\functions\\\\node_modules\\\\firebase-functions\\\\lib\\\\index.js\"}}"}}
[debug] [2021-02-17T11:55:02.177Z] [runtime-status] [12136] Resolved module firebase-functions {"declared":true,"installed":true,"version":"3.13.1","resolution":"D:\\development\\react-apps\\amazon-clone\\amazon-clone\\functions\\node_modules\\firebase-functions\\lib\\index.js"} {"metadata":{"emulator":{"name":"functions"},"function":{"name":"api"},"message":"[runtime-status] [12136] Resolved module firebase-functions {\"declared\":true,\"installed\":true,\"version\":\"3.13.1\",\"resolution\":\"D:\\\\development\\\\react-apps\\\\amazon-clone\\\\amazon-clone\\\\functions\\\\node_modules\\\\firebase-functions\\\\lib\\\\index.js\"}"}}
[debug] [2021-02-17T11:55:02.177Z] [runtime-status] [12136] Resolved module firebase-admin {"declared":true,"installed":true,"version":"9.5.0","resolution":"D:\\development\\react-apps\\amazon-clone\\amazon-clone\\functions\\node_modules\\firebase-admin\\lib\\index.js"} {"metadata":{"emulator":{"name":"functions"},"function":{"name":"api"},"message":"[runtime-status] [12136] Resolved module firebase-admin {\"declared\":true,\"installed\":true,\"version\":\"9.5.0\",\"resolution\":\"D:\\\\development\\\\react-apps\\\\amazon-clone\\\\amazon-clone\\\\functions\\\\node_modules\\\\firebase-admin\\\\lib\\\\index.js\"}"}}
[debug] [2021-02-17T11:55:02.178Z] [runtime-status] [12136] Resolved module firebase-functions {"declared":true,"installed":true,"version":"3.13.1","resolution":"D:\\development\\react-apps\\amazon-clone\\amazon-clone\\functions\\node_modules\\firebase-functions\\lib\\index.js"} {"metadata":{"emulator":{"name":"functions"},"function":{"name":"api"},"message":"[runtime-status] [12136] Resolved module firebase-functions {\"declared\":true,\"installed\":true,\"version\":\"3.13.1\",\"resolution\":\"D:\\\\development\\\\react-apps\\\\amazon-clone\\\\amazon-clone\\\\functions\\\\node_modules\\\\firebase-functions\\\\lib\\\\index.js\"}"}}
[debug] [2021-02-17T11:55:02.178Z] [runtime-status] [12136] firebase-admin has been stubbed. {"adminResolution":{"declared":true,"installed":true,"version":"9.5.0","resolution":"D:\\development\\react-apps\\amazon-clone\\amazon-clone\\functions\\node_modules\\firebase-admin\\lib\\index.js"}} {"metadata":{"emulator":{"name":"functions"},"function":{"name":"api"},"message":"[runtime-status] [12136] firebase-admin has been stubbed. {\"adminResolution\":{\"declared\":true,\"installed\":true,\"version\":\"9.5.0\",\"resolution\":\"D:\\\\development\\\\react-apps\\\\amazon-clone\\\\amazon-clone\\\\functions\\\\node_modules\\\\firebase-admin\\\\lib\\\\index.js\"}}"}}
[debug] [2021-02-17T11:55:02.349Z] [runtime-status] [12136] Trigger "api" has been found, beginning invocation! {"metadata":{"emulator":{"name":"functions"},"function":{"name":"api"},"message":"[runtime-status] [12136] Trigger \"api\" has been found, beginning invocation!"}}
[info] i  functions: Beginning execution of "api" {"metadata":{"emulator":{"name":"functions"},"function":{"name":"api"},"message":"Beginning execution of \"api\""}}
[debug] [2021-02-17T11:55:02.350Z] [runtime-status] [12136] triggerDefinition {"httpsTrigger":{},"name":"api","entryPoint":"api"} {"metadata":{"emulator":{"name":"functions"},"function":{"name":"api"},"message":"[runtime-status] [12136] triggerDefinition {\"httpsTrigger\":{},\"name\":\"api\",\"entryPoint\":\"api\"}"}}
[debug] [2021-02-17T11:55:02.350Z] [runtime-status] [12136] Running api in mode HTTPS {"metadata":{"emulator":{"name":"functions"},"function":{"name":"api"},"message":"[runtime-status] [12136] Running api in mode HTTPS"}}
[debug] [2021-02-17T11:55:02.352Z] [runtime-status] [12136] Attempting to listen to socketPath: \\?\pipe\D:\development\react-apps\amazon-clone\amazon-clone\functions\12136 {"metadata":{"emulator":{"name":"functions"},"function":{"name":"api"},"message":"[runtime-status] [12136] Attempting to listen to socketPath: \\\\?\\pipe\\D:\\development\\react-apps\\amazon-clone\\amazon-clone\\functions\\12136"}}
[debug] [2021-02-17T11:55:02.356Z] [functions] Runtime ready! Sending request! {"metadata":{"emulator":{"name":"functions"},"message":"[functions] Runtime ready! Sending request!"}}
[debug] [2021-02-17T11:55:02.356Z] [functions] Got req.url=/clone-d2780/us-central1/api/payments/create?total=0, mapping to path=/payments/create?total=0 {"metadata":{"emulator":{"name":"functions"},"message":"[functions] Got req.url=/clone-d2780/us-central1/api/payments/create?total=0, mapping to path=/payments/create?total=0"}}
[debug] [2021-02-17T11:55:02.365Z] [runtime-status] [12136] Ephemeral server handling POST request {"metadata":{"emulator":{"name":"functions"},"function":{"name":"api"},"message":"[runtime-status] [12136] Ephemeral server handling POST request"}}
[info] >  Payment Request Recieved BOOM!!! for this amount >>>  0 {"user":"Payment Request Recieved BOOM!!! for this amount >>>  0","metadata":{"emulator":{"name":"functions"},"function":{"name":"api"},"message":"\u001b[90m> \u001b[39m Payment Request Recieved BOOM!!! for this amount >>>  0"}}
[debug] [2021-02-17T11:55:02.373Z] [runtime-status] [12136] Ephemeral server survived. {"metadata":{"emulator":{"name":"functions"},"function":{"name":"api"},"message":"[runtime-status] [12136] Ephemeral server survived."}}
[info] >  (node:12136) UnhandledPromiseRejectionWarning: Error: This value must be greater than or equal to 1. {"user":"(node:12136) UnhandledPromiseRejectionWarning: Error: This value must be greater than or equal to 1.","metadata":{"emulator":{"name":"functions"},"function":{"name":"api"},"message":"\u001b[90m> \u001b[39m (node:12136) UnhandledPromiseRejectionWarning: Error: This value must be greater than or equal to 1."}}
[info] >      at Function.generate (D:\development\react-apps\amazon-clone\amazon-clone\functions\node_modules\stripe\lib\Error.js:40:16) {"user":"    at Function.generate (D:\\development\\react-apps\\amazon-clone\\amazon-clone\\functions\\node_modules\\stripe\\lib\\Error.js:40:16)","metadata":{"emulator":{"name":"functions"},"function":{"name":"api"},"message":"\u001b[90m> \u001b[39m     at Function.generate (D:\\development\\react-apps\\amazon-clone\\amazon-clone\\functions\\node_modules\\stripe\\lib\\Error.js:40:16)"}}
[info] >      at IncomingMessage.<anonymous> (D:\development\react-apps\amazon-clone\amazon-clone\functions\node_modules\stripe\lib\StripeResource.js:180:33) {"user":"    at IncomingMessage.<anonymous> (D:\\development\\react-apps\\amazon-clone\\amazon-clone\\functions\\node_modules\\stripe\\lib\\StripeResource.js:180:33)","metadata":{"emulator":{"name":"functions"},"function":{"name":"api"},"message":"\u001b[90m> \u001b[39m     at IncomingMessage.<anonymous> (D:\\development\\react-apps\\amazon-clone\\amazon-clone\\functions\\node_modules\\stripe\\lib\\StripeResource.js:180:33)"}}
[info] >      at Object.onceWrapper (events.js:421:28) {"user":"    at Object.onceWrapper (events.js:421:28)","metadata":{"emulator":{"name":"functions"},"function":{"name":"api"},"message":"\u001b[90m> \u001b[39m     at Object.onceWrapper (events.js:421:28)"}}
[info] >      at IncomingMessage.emit (events.js:327:22) {"user":"    at IncomingMessage.emit (events.js:327:22)","metadata":{"emulator":{"name":"functions"},"function":{"name":"api"},"message":"\u001b[90m> \u001b[39m     at IncomingMessage.emit (events.js:327:22)"}}
[info] >      at endReadableNT (_stream_readable.js:1221:12) {"user":"    at endReadableNT (_stream_readable.js:1221:12)","metadata":{"emulator":{"name":"functions"},"function":{"name":"api"},"message":"\u001b[90m> \u001b[39m     at endReadableNT (_stream_readable.js:1221:12)"}}
[info] >      at processTicksAndRejections (internal/process/task_queues.js:84:21) {"user":"    at processTicksAndRejections (internal/process/task_queues.js:84:21)","metadata":{"emulator":{"name":"functions"},"function":{"name":"api"},"message":"\u001b[90m> \u001b[39m     at processTicksAndRejections (internal/process/task_queues.js:84:21)"}}
[info] >  (node:12136) UnhandledPromiseRejectionWarning: Unhandled promise rejection. This error originated either by throwing inside of an async function without a catch block, or by rejecting a promise which was not handled with .catch(). To terminate the node process on unhandled promise rejection, use the CLI flag `--unhandled-rejections=strict` (see https://nodejs.org/api/cli.html#cli_unhandled_rejections_mode). (rejection id: 1) {"user":"(node:12136) UnhandledPromiseRejectionWarning: Unhandled promise rejection. This error originated either by throwing inside of an async function without a catch block, or by rejecting a promise which was not handled with .catch(). To terminate the node process on unhandled promise rejection, use the CLI flag `--unhandled-rejections=strict` (see https://nodejs.org/api/cli.html#cli_unhandled_rejections_mode). (rejection id: 1)","metadata":{"emulator":{"name":"functions"},"function":{"name":"api"},"message":"\u001b[90m> \u001b[39m (node:12136) UnhandledPromiseRejectionWarning: Unhandled promise rejection. This error originated either by throwing inside of an async function without a catch block, or by rejecting a promise which was not handled with .catch(). To terminate the node process on unhandled promise rejection, use the CLI flag `--unhandled-rejections=strict` (see https://nodejs.org/api/cli.html#cli_unhandled_rejections_mode). (rejection id: 1)"}}
[info] >  (node:12136) [DEP0018] DeprecationWarning: Unhandled promise rejections are deprecated. In the future, promise rejections that are not handled will terminate the Node.js process with a non-zero exit code. {"user":"(node:12136) [DEP0018] DeprecationWarning: Unhandled promise rejections are deprecated. In the future, promise rejections that are not handled will terminate the Node.js process with a non-zero exit code.","metadata":{"emulator":{"name":"functions"},"function":{"name":"api"},"message":"\u001b[90m> \u001b[39m (node:12136) [DEP0018] DeprecationWarning: Unhandled promise rejections are deprecated. In the future, promise rejections that are not handled will terminate the Node.js process with a non-zero exit code."}}
[warn] !  functions: Your function timed out after ~60s. To configure this timeout, see
      https://firebase.google.com/docs/functions/manage-functions#set_timeout_and_memory_allocation. {"metadata":{"emulator":{"name":"functions"},"function":{"name":"api"},"message":"Your function timed out after ~60s. To configure this timeout, see\n      https://firebase.google.com/docs/functions/manage-functions#set_timeout_and_memory_allocation."}}
[info] >  C:\Users\nites\AppData\Roaming\npm\node_modules\firebase-tools\lib\emulator\functionsEmulatorRuntime.js:640 {"user":"C:\\Users\\nites\\AppData\\Roaming\\npm\\node_modules\\firebase-tools\\lib\\emulator\\functionsEmulatorRuntime.js:640\r","metadata":{"emulator":{"name":"functions"},"function":{"name":"api"},"message":"\u001b[90m> \u001b[39m C:\\Users\\nites\\AppData\\Roaming\\npm\\node_modules\\firebase-tools\\lib\\emulator\\functionsEmulatorRuntime.js:640\r"}}
[info] >              throw new Error("Function timed out."); {"user":"            throw new Error(\"Function timed out.\");\r","metadata":{"emulator":{"name":"functions"},"function":{"name":"api"},"message":"\u001b[90m> \u001b[39m             throw new Error(\"Function timed out.\");\r"}}
[info] >              ^ {"user":"            ^\r","metadata":{"emulator":{"name":"functions"},"function":{"name":"api"},"message":"\u001b[90m> \u001b[39m             ^\r"}}
[info] >   {"user":"\r","metadata":{"emulator":{"name":"functions"},"function":{"name":"api"},"message":"\u001b[90m> \u001b[39m \r"}}
[info] >  Error: Function timed out. {"user":"Error: Function timed out.\r","metadata":{"emulator":{"name":"functions"},"function":{"name":"api"},"message":"\u001b[90m> \u001b[39m Error: Function timed out.\r"}}
[info] >      at Timeout._onTimeout (C:\Users\nites\AppData\Roaming\npm\node_modules\firebase-tools\lib\emulator\functionsEmulatorRuntime.js:640:19) {"user":"    at Timeout._onTimeout (C:\\Users\\nites\\AppData\\Roaming\\npm\\node_modules\\firebase-tools\\lib\\emulator\\functionsEmulatorRuntime.js:640:19)\r","metadata":{"emulator":{"name":"functions"},"function":{"name":"api"},"message":"\u001b[90m> \u001b[39m     at Timeout._onTimeout (C:\\Users\\nites\\AppData\\Roaming\\npm\\node_modules\\firebase-tools\\lib\\emulator\\functionsEmulatorRuntime.js:640:19)\r"}}
[info] >      at listOnTimeout (internal/timers.js:549:17) {"user":"    at listOnTimeout (internal/timers.js:549:17)\r","metadata":{"emulator":{"name":"functions"},"function":{"name":"api"},"message":"\u001b[90m> \u001b[39m     at listOnTimeout (internal/timers.js:549:17)\r"}}
[info] >      at processTimers (internal/timers.js:492:7) {"user":"    at processTimers (internal/timers.js:492:7)\r","metadata":{"emulator":{"name":"functions"},"function":{"name":"api"},"message":"\u001b[90m> \u001b[39m     at processTimers (internal/timers.js:492:7)\r"}}
[debug] [2021-02-17T11:55:10.977Z] [worker-api-721f2a94-5619-4b80-bdb5-c999621f5490]: exited {"metadata":{"emulator":{"name":"functions"},"message":"[worker-api-721f2a94-5619-4b80-bdb5-c999621f5490]: exited"}}
[debug] [2021-02-17T11:55:10.977Z] [worker-api-721f2a94-5619-4b80-bdb5-c999621f5490]: FINISHED {"metadata":{"emulator":{"name":"functions"},"message":"[worker-api-721f2a94-5619-4b80-bdb5-c999621f5490]: FINISHED"}}
[debug] [2021-02-17T11:55:10.977Z] [work-queue] {"queueLength":0,"workRunningCount":1}
[warn] !  functions: Your function timed out after ~60s. To configure this timeout, see
      https://firebase.google.com/docs/functions/manage-functions#set_timeout_and_memory_allocation. {"metadata":{"emulator":{"name":"functions"},"function":{"name":"api"},"message":"Your function timed out after ~60s. To configure this timeout, see\n      https://firebase.google.com/docs/functions/manage-functions#set_timeout_and_memory_allocation."}}
[info] >  C:\Users\nites\AppData\Roaming\npm\node_modules\firebase-tools\lib\emulator\functionsEmulatorRuntime.js:640 {"user":"C:\\Users\\nites\\AppData\\Roaming\\npm\\node_modules\\firebase-tools\\lib\\emulator\\functionsEmulatorRuntime.js:640\r","metadata":{"emulator":{"name":"functions"},"function":{"name":"api"},"message":"\u001b[90m> \u001b[39m C:\\Users\\nites\\AppData\\Roaming\\npm\\node_modules\\firebase-tools\\lib\\emulator\\functionsEmulatorRuntime.js:640\r"}}
[info] >              throw new Error("Function timed out."); {"user":"            throw new Error(\"Function timed out.\");\r","metadata":{"emulator":{"name":"functions"},"function":{"name":"api"},"message":"\u001b[90m> \u001b[39m             throw new Error(\"Function timed out.\");\r"}}
[info] >              ^ {"user":"            ^\r","metadata":{"emulator":{"name":"functions"},"function":{"name":"api"},"message":"\u001b[90m> \u001b[39m             ^\r"}}
[info] >   {"user":"\r","metadata":{"emulator":{"name":"functions"},"function":{"name":"api"},"message":"\u001b[90m> \u001b[39m \r"}}
[info] >  Error: Function timed out. {"user":"Error: Function timed out.\r","metadata":{"emulator":{"name":"functions"},"function":{"name":"api"},"message":"\u001b[90m> \u001b[39m Error: Function timed out.\r"}}
[info] >      at Timeout._onTimeout (C:\Users\nites\AppData\Roaming\npm\node_modules\firebase-tools\lib\emulator\functionsEmulatorRuntime.js:640:19) {"user":"    at Timeout._onTimeout (C:\\Users\\nites\\AppData\\Roaming\\npm\\node_modules\\firebase-tools\\lib\\emulator\\functionsEmulatorRuntime.js:640:19)\r","metadata":{"emulator":{"name":"functions"},"function":{"name":"api"},"message":"\u001b[90m> \u001b[39m     at Timeout._onTimeout (C:\\Users\\nites\\AppData\\Roaming\\npm\\node_modules\\firebase-tools\\lib\\emulator\\functionsEmulatorRuntime.js:640:19)\r"}}
[info] >      at listOnTimeout (internal/timers.js:549:17) {"user":"    at listOnTimeout (internal/timers.js:549:17)\r","metadata":{"emulator":{"name":"functions"},"function":{"name":"api"},"message":"\u001b[90m> \u001b[39m     at listOnTimeout (internal/timers.js:549:17)\r"}}
[info] >      at processTimers (internal/timers.js:492:7) {"user":"    at processTimers (internal/timers.js:492:7)\r","metadata":{"emulator":{"name":"functions"},"function":{"name":"api"},"message":"\u001b[90m> \u001b[39m     at processTimers (internal/timers.js:492:7)\r"}}
[debug] [2021-02-17T11:56:02.368Z] [worker-api-a0a945b5-2ccf-4571-b52c-b0bc968dc58d]: exited {"metadata":{"emulator":{"name":"functions"},"message":"[worker-api-a0a945b5-2ccf-4571-b52c-b0bc968dc58d]: exited"}}
[debug] [2021-02-17T11:56:02.368Z] [worker-api-a0a945b5-2ccf-4571-b52c-b0bc968dc58d]: FINISHED {"metadata":{"emulator":{"name":"functions"},"message":"[worker-api-a0a945b5-2ccf-4571-b52c-b0bc968dc58d]: FINISHED"}}
[debug] [2021-02-17T11:56:02.368Z] [work-queue] {"queueLength":0,"workRunningCount":0}
[debug] [2021-02-17T12:28:13.558Z] Received signal SIGHUP 1
